<?xml version="1.0" encoding="UTF-8"?>
<testsuite xmlns:xsi="http://www.w3.org/2001/XMLSchema-instance" xsi:noNamespaceSchemaLocation="https://maven.apache.org/surefire/maven-surefire-plugin/xsd/surefire-test-report.xsd" name="com._4point.aem.formsfeeder.server.support.FfLoggerFactoryTest" time="0" tests="61" errors="0" skipped="0" failures="0">
  <properties>
[...]
</properties>
  <testcase name="testgetName" classname="com._4point.aem.formsfeeder.server.support.FfLoggerFactoryTest" time="0"/>
  <testcase name="testIsWarnEnabled" classname="com._4point.aem.formsfeeder.server.support.FfLoggerFactoryTest" time="0"/>
  <testcase name="testIsDebugEnabledMarker" classname="com._4point.aem.formsfeeder.server.support.FfLoggerFactoryTest" time="0"/>
  <testcase name="testIsTraceEnabledMarker" classname="com._4point.aem.formsfeeder.server.support.FfLoggerFactoryTest" time="0"/>
  <testcase name="testIsInfoEnabledMarker" classname="com._4point.aem.formsfeeder.server.support.FfLoggerFactoryTest" time="0"/>
  <testcase name="testIsErrorEnabledMarker" classname="com._4point.aem.formsfeeder.server.support.FfLoggerFactoryTest" time="0"/>
  <testcase name="testIsErrorEnabled" classname="com._4point.aem.formsfeeder.server.support.FfLoggerFactoryTest" time="0"/>
  <testcase name="testIsTraceEnabled" classname="com._4point.aem.formsfeeder.server.support.FfLoggerFactoryTest" time="0"/>
  <testcase name="testIsInfoEnabled" classname="com._4point.aem.formsfeeder.server.support.FfLoggerFactoryTest" time="0"/>
  <testcase name="testIsDebugEnabled" classname="com._4point.aem.formsfeeder.server.support.FfLoggerFactoryTest" time="0"/>
  <testcase name="testIsWarnEnabledMarker" classname="com._4point.aem.formsfeeder.server.support.FfLoggerFactoryTest" time="0"/>
  <testcase name="testErrorMarkerString" classname="com._4point.aem.formsfeeder.server.support.FfLoggerFactoryTest$ErrorTests" time="0"/>
  <testcase name="testErrorString" classname="com._4point.aem.formsfeeder.server.support.FfLoggerFactoryTest$ErrorTests" time="0"/>
  <testcase name="testErrorMarkerStringObjectArray" classname="com._4point.aem.formsfeeder.server.support.FfLoggerFactoryTest$ErrorTests" time="0"/>
  <testcase name="testErrorMarkerStringObject" classname="com._4point.aem.formsfeeder.server.support.FfLoggerFactoryTest$ErrorTests" time="0"/>
  <testcase name="testErrorStringThrowable" classname="com._4point.aem.formsfeeder.server.support.FfLoggerFactoryTest$ErrorTests" time="0"/>
  <testcase name="testErrorStringObject" classname="com._4point.aem.formsfeeder.server.support.FfLoggerFactoryTest$ErrorTests" time="0"/>
  <testcase name="testErrorStringObjectObject" classname="com._4point.aem.formsfeeder.server.support.FfLoggerFactoryTest$ErrorTests" time="0"/>
  <testcase name="testErrorStringObjectArray" classname="com._4point.aem.formsfeeder.server.support.FfLoggerFactoryTest$ErrorTests" time="0"/>
  <testcase name="testErrorMarkerStringThrowable" classname="com._4point.aem.formsfeeder.server.support.FfLoggerFactoryTest$ErrorTests" time="0"/>
  <testcase name="testErrorMarkerStringObjectObject" classname="com._4point.aem.formsfeeder.server.support.FfLoggerFactoryTest$ErrorTests" time="0"/>
  <testcase name="testWarnMarkerStringObjectObject" classname="com._4point.aem.formsfeeder.server.support.FfLoggerFactoryTest$WarnTests" time="0"/>
  <testcase name="testWarnStringObject" classname="com._4point.aem.formsfeeder.server.support.FfLoggerFactoryTest$WarnTests" time="0"/>
  <testcase name="testWarnStringThrowable" classname="com._4point.aem.formsfeeder.server.support.FfLoggerFactoryTest$WarnTests" time="0"/>
  <testcase name="testWarnMarkerStringObjectArray" classname="com._4point.aem.formsfeeder.server.support.FfLoggerFactoryTest$WarnTests" time="0"/>
  <testcase name="testWarnMarkerStringObject" classname="com._4point.aem.formsfeeder.server.support.FfLoggerFactoryTest$WarnTests" time="0"/>
  <testcase name="testWarnString" classname="com._4point.aem.formsfeeder.server.support.FfLoggerFactoryTest$WarnTests" time="0"/>
  <testcase name="testWarnStringObjectObject" classname="com._4point.aem.formsfeeder.server.support.FfLoggerFactoryTest$WarnTests" time="0"/>
  <testcase name="testWarnMarkerString" classname="com._4point.aem.formsfeeder.server.support.FfLoggerFactoryTest$WarnTests" time="0"/>
  <testcase name="testWarnStringObjectArray" classname="com._4point.aem.formsfeeder.server.support.FfLoggerFactoryTest$WarnTests" time="0"/>
  <testcase name="testWarnMarkerStringThrowable" classname="com._4point.aem.formsfeeder.server.support.FfLoggerFactoryTest$WarnTests" time="0"/>
  <testcase name="testInfoMarkerStringObjectArray" classname="com._4point.aem.formsfeeder.server.support.FfLoggerFactoryTest$InfoTests" time="0"/>
  <testcase name="testInfoStringObjectArray" classname="com._4point.aem.formsfeeder.server.support.FfLoggerFactoryTest$InfoTests" time="0"/>
  <testcase name="testInfoString" classname="com._4point.aem.formsfeeder.server.support.FfLoggerFactoryTest$InfoTests" time="0"/>
  <testcase name="testInfoStringThrowable" classname="com._4point.aem.formsfeeder.server.support.FfLoggerFactoryTest$InfoTests" time="0"/>
  <testcase name="testInfoMarkerStringObjectObject" classname="com._4point.aem.formsfeeder.server.support.FfLoggerFactoryTest$InfoTests" time="0"/>
  <testcase name="testInfoMarkerString" classname="com._4point.aem.formsfeeder.server.support.FfLoggerFactoryTest$InfoTests" time="0"/>
  <testcase name="testInfoMarkerStringThrowable" classname="com._4point.aem.formsfeeder.server.support.FfLoggerFactoryTest$InfoTests" time="0"/>
  <testcase name="testInfoMarkerStringObject" classname="com._4point.aem.formsfeeder.server.support.FfLoggerFactoryTest$InfoTests" time="0"/>
  <testcase name="testInfoStringObject" classname="com._4point.aem.formsfeeder.server.support.FfLoggerFactoryTest$InfoTests" time="0"/>
  <testcase name="testInfoStringObjectObject" classname="com._4point.aem.formsfeeder.server.support.FfLoggerFactoryTest$InfoTests" time="0"/>
  <testcase name="testDebugMarkerStringObject" classname="com._4point.aem.formsfeeder.server.support.FfLoggerFactoryTest$DebugTests" time="0"/>
  <testcase name="testDebugStringObject" classname="com._4point.aem.formsfeeder.server.support.FfLoggerFactoryTest$DebugTests" time="0"/>
  <testcase name="testDebugMarkerStringThrowable" classname="com._4point.aem.formsfeeder.server.support.FfLoggerFactoryTest$DebugTests" time="0"/>
  <testcase name="testDebugMarkerStringObjectObject" classname="com._4point.aem.formsfeeder.server.support.FfLoggerFactoryTest$DebugTests" time="0"/>
  <testcase name="testDebugStringObjectObject" classname="com._4point.aem.formsfeeder.server.support.FfLoggerFactoryTest$DebugTests" time="0"/>
  <testcase name="testDebugStringObjectArray" classname="com._4point.aem.formsfeeder.server.support.FfLoggerFactoryTest$DebugTests" time="0"/>
  <testcase name="testDebugMarkerStringObjectArray" classname="com._4point.aem.formsfeeder.server.support.FfLoggerFactoryTest$DebugTests" time="0"/>
  <testcase name="testDebugMarkerString" classname="com._4point.aem.formsfeeder.server.support.FfLoggerFactoryTest$DebugTests" time="0"/>
  <testcase name="testDebugStringThrowable" classname="com._4point.aem.formsfeeder.server.support.FfLoggerFactoryTest$DebugTests" time="0"/>
  <testcase name="testDebugString" classname="com._4point.aem.formsfeeder.server.support.FfLoggerFactoryTest$DebugTests" time="0"/>
  <testcase name="testTraceMarkerString" classname="com._4point.aem.formsfeeder.server.support.FfLoggerFactoryTest$TraceTests" time="0"/>
  <testcase name="testTraceMarkerStringObjectArray" classname="com._4point.aem.formsfeeder.server.support.FfLoggerFactoryTest$TraceTests" time="0"/>
  <testcase name="testTraceString" classname="com._4point.aem.formsfeeder.server.support.FfLoggerFactoryTest$TraceTests" time="0"/>
  <testcase name="testTraceStringObject" classname="com._4point.aem.formsfeeder.server.support.FfLoggerFactoryTest$TraceTests" time="0"/>
  <testcase name="testTraceMarkerStringObject" classname="com._4point.aem.formsfeeder.server.support.FfLoggerFactoryTest$TraceTests" time="0"/>
  <testcase name="testTraceStringObjectArray" classname="com._4point.aem.formsfeeder.server.support.FfLoggerFactoryTest$TraceTests" time="0"/>
  <testcase name="testTraceStringThrowable" classname="com._4point.aem.formsfeeder.server.support.FfLoggerFactoryTest$TraceTests" time="0"/>
  <testcase name="testTraceMarkerStringObjectObject" classname="com._4point.aem.formsfeeder.server.support.FfLoggerFactoryTest$TraceTests" time="0"/>
  <testcase name="testTraceStringObjectObject" classname="com._4point.aem.formsfeeder.server.support.FfLoggerFactoryTest$TraceTests" time="0"/>
  <testcase name="testTraceMarkerStringThrowable" classname="com._4point.aem.formsfeeder.server.support.FfLoggerFactoryTest$TraceTests" time="0"/>
</testsuite>