<?xml version="1.0" encoding="UTF-8"?>
<testsuite xmlns:xsi="http://www.w3.org/2001/XMLSchema-instance" xsi:noNamespaceSchemaLocation="https://maven.apache.org/surefire/maven-surefire-plugin/xsd/surefire-test-report.xsd" name="com._4point.aem.formsfeeder.core.datasource.AbstractDataSourceTest" time="0.078" tests="6" errors="0" skipped="0" failures="0">
  <properties>
[...]
</properties>
  <testcase name="testAbstractDataSourceStringMimeType" classname="com._4point.aem.formsfeeder.core.datasource.AbstractDataSourceTest" time="0.063"/>
  <testcase name="testAbstractDataSourceStringMimeTypeMapOfStringString" classname="com._4point.aem.formsfeeder.core.datasource.AbstractDataSourceTest" time="0"/>
  <testcase name="testAbstractDataSourceString" classname="com._4point.aem.formsfeeder.core.datasource.AbstractDataSourceTest" time="0"/>
  <testcase name="testAbstractDataSourceStringMapOfStringString" classname="com._4point.aem.formsfeeder.core.datasource.AbstractDataSourceTest" time="0"/>
  <testcase name="testAbstractDataSource" classname="com._4point.aem.formsfeeder.core.datasource.AbstractDataSourceTest" time="0"/>
  <testcase name="testSetters" classname="com._4point.aem.formsfeeder.core.datasource.AbstractDataSourceTest" time="0"/>
</testsuite>